<?xml version="1.0" encoding="UTF-8"?>
<!-- Generated by org.testng.reporters.JUnitXMLReporter -->
<testsuite ignored="0" hostname="TEJAL" failures="1" tests="2" name="Test" time="19.777" errors="0" timestamp="2024-01-22T14:21:07 IST">
  <testcase classname="com.crm.qa.tests.Testcase_01" name="MethodForEnteringCredentials" time="0.038">
    <skipped/>
  </testcase> <!-- MethodForEnteringCredentials -->
  <testcase classname="com.crm.qa.tests.Testcase_01" name="MethodForEnteringCredentials" time="0.008">
    <failure type="java.lang.NullPointerException" message="Cannot invoke &amp;quot;org.openqa.selenium.WebElement.click()&amp;quot; because the return value of &amp;quot;com.crm.qa.Utils.ElementFetch.getWebElement(String, String)&amp;quot; is null">
      <![CDATA[java.lang.NullPointerException: Cannot invoke "org.openqa.selenium.WebElement.click()" because the return value of "com.crm.qa.Utils.ElementFetch.getWebElement(String, String)" is null
at com.crm.qa.PageEvents.HomePageEvent.SignInButton(HomePageEvent.java:9)
at com.crm.qa.tests.Testcase_01.MethodForEnteringCredentials(Testcase_01.java:19)
at java.base/java.util.ArrayList.forEach(ArrayList.java:1511)
... Removed 27 stack frames]]>
    </failure>
  </testcase> <!-- MethodForEnteringCredentials -->
</testsuite> <!-- Test -->
