<?xml version="1.0" encoding="UTF-8"?>
<testng-results ignored="0" total="1" passed="1" failed="0" skipped="0">
  <reporter-output>
  </reporter-output>
  <suite started-at="2024-02-20T00:41:28 IST" name="Default suite" finished-at="2024-02-20T00:41:49 IST" duration-ms="21116">
    <groups>
    </groups>
    <test started-at="2024-02-20T00:41:28 IST" name="Default test" finished-at="2024-02-20T00:41:49 IST" duration-ms="21116">
      <class name="com.crm.qa.testcases.Testcase_01">
        <test-method is-config="true" signature="beforetestmethod()[pri:0, instance:com.crm.qa.testcases.Testcase_01@7d4f9aae]" started-at="2024-02-20T00:41:28 IST" name="beforetestmethod" finished-at="2024-02-20T00:41:28 IST" duration-ms="273" status="PASS">
          <reporter-output>
          </reporter-output>
        </test-method> <!-- beforetestmethod -->
        <test-method is-config="true" signature="beforemethod(java.lang.String,java.lang.reflect.Method)[pri:0, instance:com.crm.qa.testcases.Testcase_01@7d4f9aae]" started-at="2024-02-20T00:41:28 IST" name="beforemethod" finished-at="2024-02-20T00:41:40 IST" duration-ms="12321" status="PASS">
          <params>
            <param index="0">
              <value>
                <![CDATA[chrome]]>
              </value>
            </param>
            <param index="1">
              <value>
                <![CDATA[public void com.crm.qa.testcases.Testcase_01.MethodForEnteringCredentials()]]>
              </value>
            </param>
          </params>
          <reporter-output>
          </reporter-output>
        </test-method> <!-- beforemethod -->
        <test-method signature="MethodForEnteringCredentials()[pri:0, instance:com.crm.qa.testcases.Testcase_01@7d4f9aae]" started-at="2024-02-20T00:41:40 IST" name="MethodForEnteringCredentials" finished-at="2024-02-20T00:41:48 IST" duration-ms="8059" status="PASS">
          <reporter-output>
          </reporter-output>
        </test-method> <!-- MethodForEnteringCredentials -->
        <test-method is-config="true" signature="aftermethod(org.testng.ITestResult)[pri:0, instance:com.crm.qa.testcases.Testcase_01@7d4f9aae]" started-at="2024-02-20T00:41:48 IST" name="aftermethod" finished-at="2024-02-20T00:41:49 IST" duration-ms="176" status="PASS">
          <params>
            <param index="0">
              <value>
                <![CDATA[[TestResult name=MethodForEnteringCredentials status=SUCCESS method=Testcase_01.MethodForEnteringCredentials()[pri:0, instance:com.crm.qa.testcases.Testcase_01@7d4f9aae] output={null}]]]>
              </value>
            </param>
          </params>
          <reporter-output>
          </reporter-output>
        </test-method> <!-- aftermethod -->
        <test-method is-config="true" signature="aftertestmethod()[pri:0, instance:com.crm.qa.testcases.Testcase_01@7d4f9aae]" started-at="2024-02-20T00:41:49 IST" name="aftertestmethod" finished-at="2024-02-20T00:41:49 IST" duration-ms="256" status="PASS">
          <reporter-output>
          </reporter-output>
        </test-method> <!-- aftertestmethod -->
      </class> <!-- com.crm.qa.testcases.Testcase_01 -->
    </test> <!-- Default test -->
  </suite> <!-- Default suite -->
</testng-results>
